<?xml version="1.0" encoding="UTF-8"?>
<testsuite xmlns:xsi="http://www.w3.org/2001/XMLSchema-instance" xsi:noNamespaceSchemaLocation="https://maven.apache.org/surefire/maven-surefire-plugin/xsd/surefire-test-report.xsd" name="com.codec.test.RobotTest" time="0.07" tests="3" errors="0" skipped="0" failures="0">
  <properties>
    <property name="java.specification.version" value="17"/>
    <property name="sun.cpu.isalist" value="amd64"/>
    <property name="sun.jnu.encoding" value="Cp1252"/>
    <property name="java.class.path" value="C:\Users\Ciara Gilsenan\Documents\Codec\codec-test\target\test-classes;C:\Users\Ciara Gilsenan\Documents\Codec\codec-test\target\classes;C:\Users\Ciara Gilsenan\.m2\repository\junit\junit\4.12\junit-4.12.jar;C:\Users\Ciara Gilsenan\.m2\repository\org\hamcrest\hamcrest-core\1.3\hamcrest-core-1.3.jar;"/>
    <property name="java.vm.vendor" value="Oracle Corporation"/>
    <property name="sun.arch.data.model" value="64"/>
    <property name="user.variant" value=""/>
    <property name="java.vendor.url" value="https://java.oracle.com/"/>
    <property name="user.timezone" value="Europe/Dublin"/>
    <property name="os.name" value="Windows 11"/>
    <property name="java.vm.specification.version" value="17"/>
    <property name="sun.java.launcher" value="SUN_STANDARD"/>
    <property name="user.country" value="IE"/>
    <property name="sun.boot.library.path" value="C:\Program Files\Java\jdk-17.0.2\bin"/>
    <property name="sun.java.command" value="C:\Users\CIARAG~1\AppData\Local\Temp\surefire15304549676600431509\surefirebooter4617982788435459669.jar C:\Users\Ciara Gilsenan\AppData\Local\Temp\surefire15304549676600431509 2023-01-19T16-23-11_651-jvmRun1 surefire11473003172912185140tmp surefire_02994094564980560036tmp"/>
    <property name="jdk.debug" value="release"/>
    <property name="surefire.test.class.path" value="C:\Users\Ciara Gilsenan\Documents\Codec\codec-test\target\test-classes;C:\Users\Ciara Gilsenan\Documents\Codec\codec-test\target\classes;C:\Users\Ciara Gilsenan\.m2\repository\junit\junit\4.12\junit-4.12.jar;C:\Users\Ciara Gilsenan\.m2\repository\org\hamcrest\hamcrest-core\1.3\hamcrest-core-1.3.jar;"/>
    <property name="sun.cpu.endian" value="little"/>
    <property name="user.home" value="C:\Users\Ciara Gilsenan"/>
    <property name="user.language" value="en"/>
    <property name="java.specification.vendor" value="Oracle Corporation"/>
    <property name="java.version.date" value="2022-01-18"/>
    <property name="java.home" value="C:\Program Files\Java\jdk-17.0.2"/>
    <property name="file.separator" value="\"/>
    <property name="basedir" value="C:\Users\Ciara Gilsenan\Documents\Codec\codec-test"/>
    <property name="java.vm.compressedOopsMode" value="32-bit"/>
    <property name="line.separator" value="&#10;"/>
    <property name="java.vm.specification.vendor" value="Oracle Corporation"/>
    <property name="java.specification.name" value="Java Platform API Specification"/>
    <property name="surefire.real.class.path" value="C:\Users\CIARAG~1\AppData\Local\Temp\surefire15304549676600431509\surefirebooter4617982788435459669.jar"/>
    <property name="user.script" value=""/>
    <property name="sun.management.compiler" value="HotSpot 64-Bit Tiered Compilers"/>
    <property name="java.runtime.version" value="17.0.2+8-LTS-86"/>
    <property name="user.name" value="Ciara Gilsenan"/>
    <property name="path.separator" value=";"/>
    <property name="os.version" value="10.0"/>
    <property name="java.runtime.name" value="Java(TM) SE Runtime Environment"/>
    <property name="file.encoding" value="Cp1252"/>
    <property name="java.vm.name" value="Java HotSpot(TM) 64-Bit Server VM"/>
    <property name="localRepository" value="C:\Users\Ciara Gilsenan\.m2\repository"/>
    <property name="java.vendor.url.bug" value="https://bugreport.java.com/bugreport/"/>
    <property name="java.io.tmpdir" value="C:\Users\CIARAG~1\AppData\Local\Temp\"/>
    <property name="java.version" value="17.0.2"/>
    <property name="user.dir" value="C:\Users\Ciara Gilsenan\Documents\Codec\codec-test"/>
    <property name="os.arch" value="amd64"/>
    <property name="java.vm.specification.name" value="Java Virtual Machine Specification"/>
    <property name="sun.os.patch.level" value=""/>
    <property name="native.encoding" value="Cp1252"/>
    <property name="java.library.path" value="C:\Program Files\Java\jdk-17.0.2\bin;C:\WINDOWS\Sun\Java\bin;C:\WINDOWS\system32;C:\WINDOWS;C:\Program Files\Common Files\Oracle\Java\javapath;C:\Program Files (x86)\Microsoft SDKs\Azure\CLI2\wbin;C:\Program Files (x86)\Intel\Intel(R) Management Engine Components\iCLS\;C:\Program Files\Intel\Intel(R) Management Engine Components\iCLS\;C:\Program Files\Java\jdk-17.0.2\bin;C:\WINDOWS\system32;C:\WINDOWS;C:\WINDOWS\System32\Wbem;C:\WINDOWS\System32\WindowsPowerShell\v1.0\;C:\WINDOWS\System32\OpenSSH\;C:\Program Files (x86)\Intel\Intel(R) Management Engine Components\DAL;C:\Program Files\Intel\Intel(R) Management Engine Components\DAL;C:\Program Files (x86)\Intel\Intel(R) Management Engine Components\IPT;C:\Program Files\Intel\Intel(R) Management Engine Components\IPT;C:\Program Files\Intel\WiFi\bin\;C:\Program Files\Common Files\Intel\WirelessCommon\;C:\MinGW\bin;C:\Qt\5.12.2\mingw73_64\bin;C:\Program Files\dotnet\;C:\ProgramData\chocolatey\bin;C:\WINDOWS\system32;C:\WINDOWS;C:\WINDOWS\System32\Wbem;C:\WINDOWS\System32\WindowsPowerShell\v1.0\;C:\WINDOWS\System32\OpenSSH\;C:\Program Files (x86)\dotnet\;C:\Program Files\PuTTY\;C:\Program Files\nodejs\;C:\Program Files\Docker\Docker\resources\bin;C:\ProgramData\DockerDesktop\version-bin;C:\Users\Ciara Gilsenan\AppData\Local\Android\Sdk\tools\bin;C:\Users\Ciara Gilsenan\AppData\Local\Android\Sdk\platform-tools;C:\Users\Ciara Gilsenan\AppData\Local\Android\Sdk\emulator;C:\Program Files\Git\cmd;C:\Program Files\Git\mingw64\bin;C:\Program Files\Git\usr\bin;C:\Users\Ciara Gilsenan\AppData\Roaming\ActiveState\bin;C:\Users\Ciara Gilsenan\AppData\Local\activestate\bin;C:\Users\Ciara Gilsenan\AppData\Local\Programs\Python\Python38\Scripts;C:\Users\Ciara Gilsenan\AppData\Local\Microsoft\WindowsApps;C:\Program Files (x86)\IBM\SPSS\Statistics\24\JRE\bin;C:\Program Files\MongoDB\Server\4.0\bin;C:\MinGW;C:\Windows\Microsoft.NET\Framework64\v4.0.30319;C:\Users\Ciara Gilsenan\AppData\Local\Programs\Microsoft VS Code\bin;C:\Program Files\apache-maven-3.8.3\bin;C:\gactions-sdk_windows;C:\Users\Ciara Gilsenan\AppData\Roaming\npm;C:\Users\Ciara Gilsenan\AppData\Local\Microsoft\WindowsApps;."/>
    <property name="java.vm.info" value="mixed mode, sharing"/>
    <property name="java.vendor" value="Oracle Corporation"/>
    <property name="java.vm.version" value="17.0.2+8-LTS-86"/>
    <property name="sun.io.unicode.encoding" value="UnicodeLittle"/>
    <property name="java.class.version" value="61.0"/>
  </properties>
  <testcase name="shouldFaceCorrectDirection" classname="com.codec.test.RobotTest" time="0.004"/>
  <testcase name="shouldBeInCorrectPosition" classname="com.codec.test.RobotTest" time="0"/>
  <testcase name="shouldReturnCorrectResult" classname="com.codec.test.RobotTest" time="0"/>
</testsuite>